android/app/build/intermediates/manifest_merge_blame_file/debug/manifest-merger-blame-debug-report.txt
1<?xml version="1.0" encoding="utf-8"?>
2<manifest xmlns:android="http://schemas.android.com/apk/res/android"
3    package="com.tbtnavigation"
4    android:versionCode="1"
5    android:versionName="1.0" >
6
7    <uses-sdk
8        android:minSdkVersion="21"
8-->src/main/AndroidManifest.xml
9        android:targetSdkVersion="29" />
9-->src/main/AndroidManifest.xml
10
11    <uses-permission android:name="android.permission.INTERNET" />
11-->src/main/AndroidManifest.xml:4:5-67
11-->src/main/AndroidManifest.xml:4:22-64
12    <uses-permission android:name="android.permission.SYSTEM_ALERT_WINDOW" />
12-->src/main/AndroidManifest.xml:5:5-77
12-->src/main/AndroidManifest.xml:5:22-75
13    <uses-permission android:name="android.permission.ACCESS_COARSE_LOCATION" />
13-->src/main/AndroidManifest.xml:6:5-81
13-->src/main/AndroidManifest.xml:6:22-78
14    <uses-permission android:name="android.permission.ACCESS_FINE_LOCATION" />
14-->src/main/AndroidManifest.xml:7:5-79
14-->src/main/AndroidManifest.xml:7:22-76
15    <uses-permission android:name="android.permission.ACCESS_BACKGROUND_LOCATION" />
15-->[com.mapbox.navigation:core:1.1.0] AndroidManifest.xml:11:5-85
15-->[com.mapbox.navigation:core:1.1.0] AndroidManifest.xml:11:22-82
16    <uses-permission android:name="android.permission.FOREGROUND_SERVICE" />
16-->[com.mapbox.navigation:core:1.1.0] AndroidManifest.xml:12:5-77
16-->[com.mapbox.navigation:core:1.1.0] AndroidManifest.xml:12:22-74
17    <uses-permission android:name="android.permission.ACCESS_NETWORK_STATE" />
17-->[com.mapbox.navigation:utils:1.1.0] AndroidManifest.xml:9:5-79
17-->[com.mapbox.navigation:utils:1.1.0] AndroidManifest.xml:9:22-76
18
19    <uses-feature
19-->[com.mapbox.mapboxsdk:mapbox-android-sdk:9.4.0] AndroidManifest.xml:9:5-11:35
20        android:glEsVersion="0x00020000"
20-->[com.mapbox.mapboxsdk:mapbox-android-sdk:9.4.0] AndroidManifest.xml:10:9-41
21        android:required="true" />
21-->[com.mapbox.mapboxsdk:mapbox-android-sdk:9.4.0] AndroidManifest.xml:11:9-32
22    <uses-feature
22-->[com.mapbox.mapboxsdk:mapbox-android-sdk:9.4.0] AndroidManifest.xml:12:5-14:36
23        android:name="android.hardware.wifi"
23-->[com.mapbox.mapboxsdk:mapbox-android-sdk:9.4.0] AndroidManifest.xml:13:9-45
24        android:required="false" />
24-->[com.mapbox.mapboxsdk:mapbox-android-sdk:9.4.0] AndroidManifest.xml:14:9-33
25
26    <uses-permission android:name="android.permission.ACCESS_WIFI_STATE" /> <!-- Required for CrashReporterJobIntentService on API levels below 25 -->
26-->[com.mapbox.mapboxsdk:mapbox-android-sdk:9.4.0] AndroidManifest.xml:18:5-76
26-->[com.mapbox.mapboxsdk:mapbox-android-sdk:9.4.0] AndroidManifest.xml:18:22-73
27    <uses-permission android:name="android.permission.WAKE_LOCK" />
27-->[com.mapbox.mapboxsdk:mapbox-android-telemetry:6.1.0] AndroidManifest.xml:12:5-68
27-->[com.mapbox.mapboxsdk:mapbox-android-telemetry:6.1.0] AndroidManifest.xml:12:22-65
28
29    <application
29-->src/main/AndroidManifest.xml:9:5-28:19
30        android:name="com.tbtnavigation.MainApplication"
30-->src/main/AndroidManifest.xml:10:7-38
31        android:allowBackup="false"
31-->src/main/AndroidManifest.xml:13:7-34
32        android:appComponentFactory="androidx.core.app.CoreComponentFactory"
32-->[androidx.core:core:1.2.0] AndroidManifest.xml:24:18-86
33        android:debuggable="true"
34        android:icon="@mipmap/ic_launcher"
34-->src/main/AndroidManifest.xml:12:7-41
35        android:label="@string/app_name"
35-->src/main/AndroidManifest.xml:11:7-39
36        android:theme="@style/AppTheme"
36-->src/main/AndroidManifest.xml:15:7-38
37        android:usesCleartextTraffic="true" >
37-->src/main/AndroidManifest.xml:14:7-42
38        <activity
38-->src/main/AndroidManifest.xml:16:7-25:18
39            android:name="com.tbtnavigation.MainActivity"
39-->src/main/AndroidManifest.xml:17:9-37
40            android:configChanges="keyboard|keyboardHidden|orientation|screenSize"
40-->src/main/AndroidManifest.xml:19:9-79
41            android:label="@string/app_name"
41-->src/main/AndroidManifest.xml:18:9-41
42            android:windowSoftInputMode="adjustResize" >
42-->src/main/AndroidManifest.xml:20:9-51
43            <intent-filter>
43-->src/main/AndroidManifest.xml:21:9-24:25
44                <action android:name="android.intent.action.MAIN" />
44-->src/main/AndroidManifest.xml:22:13-65
44-->src/main/AndroidManifest.xml:22:21-62
45
46                <category android:name="android.intent.category.LAUNCHER" />
46-->src/main/AndroidManifest.xml:23:13-73
46-->src/main/AndroidManifest.xml:23:23-70
47            </intent-filter>
48        </activity>
49        <activity android:name="com.tbtnavigation.MapBoxDirections.MapboxActivity" />
49-->src/main/AndroidManifest.xml:26:7-67
49-->src/main/AndroidManifest.xml:26:17-64
50        <activity android:name="com.facebook.react.devsupport.DevSettingsActivity" />
50-->src/main/AndroidManifest.xml:27:7-84
50-->src/main/AndroidManifest.xml:27:17-81
51
52        <provider
52-->[com.mapbox.navigation:core:1.1.0] AndroidManifest.xml:15:9-19:39
53            android:name="com.mapbox.navigation.core.accounts.MapboxNavigationAccountsProvider"
53-->[com.mapbox.navigation:core:1.1.0] AndroidManifest.xml:16:13-96
54            android:authorities="com.tbtnavigation.MapboxNavigationAccountsProvider"
54-->[com.mapbox.navigation:core:1.1.0] AndroidManifest.xml:17:13-84
55            android:exported="false"
55-->[com.mapbox.navigation:core:1.1.0] AndroidManifest.xml:18:13-37
56            android:initOrder="200" />
56-->[com.mapbox.navigation:core:1.1.0] AndroidManifest.xml:19:13-36
57
58        <service
58-->[com.mapbox.navigation:core:1.1.0] AndroidManifest.xml:21:9-23:56
59            android:name="com.mapbox.navigation.core.trip.service.NavigationNotificationService"
59-->[com.mapbox.navigation:core:1.1.0] AndroidManifest.xml:22:13-97
60            android:foregroundServiceType="location" />
60-->[com.mapbox.navigation:core:1.1.0] AndroidManifest.xml:23:13-53
61
62        <meta-data
62-->[com.mapbox.navigation:core:1.1.0] AndroidManifest.xml:25:9-27:37
63            android:name="com.mapbox.ManageSkuToken"
63-->[com.mapbox.navigation:core:1.1.0] AndroidManifest.xml:26:13-53
64            android:value="false" />
64-->[com.mapbox.navigation:core:1.1.0] AndroidManifest.xml:27:13-34
65
66        <activity
66-->[com.google.android.gms:play-services-base:16.0.1] AndroidManifest.xml:23:9-26:75
67            android:name="com.google.android.gms.common.api.GoogleApiActivity"
67-->[com.google.android.gms:play-services-base:16.0.1] AndroidManifest.xml:24:13-79
68            android:exported="false"
68-->[com.google.android.gms:play-services-base:16.0.1] AndroidManifest.xml:25:13-37
69            android:theme="@android:style/Theme.Translucent.NoTitleBar" />
69-->[com.google.android.gms:play-services-base:16.0.1] AndroidManifest.xml:26:13-72
70
71        <meta-data
71-->[com.google.android.gms:play-services-basement:16.0.1] AndroidManifest.xml:23:9-25:69
72            android:name="com.google.android.gms.version"
72-->[com.google.android.gms:play-services-basement:16.0.1] AndroidManifest.xml:24:13-58
73            android:value="@integer/google_play_services_version" />
73-->[com.google.android.gms:play-services-basement:16.0.1] AndroidManifest.xml:25:13-66
74
75        <provider
75-->[com.squareup.picasso:picasso:2.71828] AndroidManifest.xml:8:9-11:40
76            android:name="com.squareup.picasso.PicassoProvider"
76-->[com.squareup.picasso:picasso:2.71828] AndroidManifest.xml:9:13-64
77            android:authorities="com.tbtnavigation.com.squareup.picasso"
77-->[com.squareup.picasso:picasso:2.71828] AndroidManifest.xml:10:13-72
78            android:exported="false" />
78-->[com.squareup.picasso:picasso:2.71828] AndroidManifest.xml:11:13-37
79        <provider
79-->[com.mapbox.mapboxsdk:mapbox-android-telemetry:6.1.0] AndroidManifest.xml:18:9-22:39
80            android:name="com.mapbox.android.telemetry.provider.MapboxTelemetryInitProvider"
80-->[com.mapbox.mapboxsdk:mapbox-android-telemetry:6.1.0] AndroidManifest.xml:19:13-93
81            android:authorities="com.tbtnavigation.mapboxtelemetryinitprovider"
81-->[com.mapbox.mapboxsdk:mapbox-android-telemetry:6.1.0] AndroidManifest.xml:20:13-79
82            android:exported="false"
82-->[com.mapbox.mapboxsdk:mapbox-android-telemetry:6.1.0] AndroidManifest.xml:21:13-37
83            android:initOrder="100" />
83-->[com.mapbox.mapboxsdk:mapbox-android-telemetry:6.1.0] AndroidManifest.xml:22:13-36
84
85        <service
85-->[com.mapbox.mapboxsdk:mapbox-android-telemetry:6.1.0] AndroidManifest.xml:24:9-26:72
86            android:name="com.mapbox.android.telemetry.errors.ErrorReporterJobIntentService"
86-->[com.mapbox.mapboxsdk:mapbox-android-telemetry:6.1.0] AndroidManifest.xml:25:13-93
87            android:permission="android.permission.BIND_JOB_SERVICE" />
87-->[com.mapbox.mapboxsdk:mapbox-android-telemetry:6.1.0] AndroidManifest.xml:26:13-69
88
89        <provider
89-->[androidx.lifecycle:lifecycle-process:2.2.0] AndroidManifest.xml:25:9-29:43
90            android:name="androidx.lifecycle.ProcessLifecycleOwnerInitializer"
90-->[androidx.lifecycle:lifecycle-process:2.2.0] AndroidManifest.xml:26:13-79
91            android:authorities="com.tbtnavigation.lifecycle-process"
91-->[androidx.lifecycle:lifecycle-process:2.2.0] AndroidManifest.xml:27:13-69
92            android:exported="false"
92-->[androidx.lifecycle:lifecycle-process:2.2.0] AndroidManifest.xml:28:13-37
93            android:multiprocess="true" />
93-->[androidx.lifecycle:lifecycle-process:2.2.0] AndroidManifest.xml:29:13-40
94    </application>
95
96</manifest>